# JRE version: Java(TM) SE Runtime Environment (17.0.11+7) (build 17.0.11+7-LTS-207)
# Java VM: Java HotSpot(TM) 64-Bit Server VM (17.0.11+7-LTS-207, mixed mode, sharing, tiered, compressed oops, compressed class ptrs, g1 gc, windows-amd64)
GC Precious Log:
 CPUs: 2 total, 2 available
 Memory: 8111M
 Large Page Support: Disabled
 NUMA Support: Disabled
 Compressed Oops: Enabled (32-bit)
 Heap Region Size: 1M
 Heap Min Capacity: 8M
 Heap Initial Capacity: 128M
 Heap Max Capacity: 2G
 Pre-touch: Disabled
 Parallel Workers: 2
 Concurrent Workers: 1
 Concurrent Refinement Workers: 2
 Periodic GC: Disabled
Heap:
 garbage-first heap   total 131072K, used 66102K [0x0000000080000000, 0x0000000100000000)
  region size 1024K, 3 young (3072K), 3 survivors (3072K)
 Metaspace       used 68200K, committed 68928K, reserved 491520K
  class space    used 9580K, committed 9920K, reserved 425984K
GC Heap History (20 events):
Event: 219.147 GC heap after
{Heap after GC invocations=22 (full 0):
 garbage-first heap   total 92160K, used 57247K [0x0000000080000000, 0x0000000100000000)
  region size 1024K, 1 young (1024K), 1 survivors (1024K)
 Metaspace       used 58670K, committed 59264K, reserved 491520K
  class space    used 8303K, committed 8576K, reserved 425984K
}
Event: 220.380 GC heap before
{Heap before GC invocations=22 (full 0):
 garbage-first heap   total 92160K, used 74655K [0x0000000080000000, 0x0000000100000000)
  region size 1024K, 19 young (19456K), 1 survivors (1024K)
 Metaspace       used 60204K, committed 60800K, reserved 491520K
  class space    used 8491K, committed 8768K, reserved 425984K
}
Event: 220.383 GC heap after
{Heap after GC invocations=23 (full 0):
 garbage-first heap   total 92160K, used 58596K [0x0000000080000000, 0x0000000100000000)
  region size 1024K, 2 young (2048K), 2 survivors (2048K)
 Metaspace       used 60204K, committed 60800K, reserved 491520K
  class space    used 8491K, committed 8768K, reserved 425984K
}
Event: 223.500 GC heap before
{Heap before GC invocations=24 (full 0):
 garbage-first heap   total 106496K, used 74980K [0x0000000080000000, 0x0000000100000000)
  region size 1024K, 19 young (19456K), 2 survivors (2048K)
 Metaspace       used 61229K, committed 61888K, reserved 491520K
  class space    used 8644K, committed 8960K, reserved 425984K
}
Event: 223.506 GC heap after
{Heap after GC invocations=25 (full 0):
 garbage-first heap   total 106496K, used 59323K [0x0000000080000000, 0x0000000100000000)
  region size 1024K, 1 young (1024K), 1 survivors (1024K)
 Metaspace       used 61229K, committed 61888K, reserved 491520K
  class space    used 8644K, committed 8960K, reserved 425984K
}
Event: 223.729 GC heap before
{Heap before GC invocations=25 (full 0):
 garbage-first heap   total 106496K, used 63419K [0x0000000080000000, 0x0000000100000000)
  region size 1024K, 5 young (5120K), 1 survivors (1024K)
 Metaspace       used 61465K, committed 62080K, reserved 491520K
  class space    used 8671K, committed 8960K, reserved 425984K
}
Event: 223.732 GC heap after
{Heap after GC invocations=26 (full 0):
 garbage-first heap   total 106496K, used 59542K [0x0000000080000000, 0x0000000100000000)
  region size 1024K, 1 young (1024K), 1 survivors (1024K)
 Metaspace       used 61465K, committed 62080K, reserved 491520K
  class space    used 8671K, committed 8960K, reserved 425984K
}
Event: 225.871 GC heap before
{Heap before GC invocations=26 (full 0):
 garbage-first heap   total 106496K, used 88214K [0x0000000080000000, 0x0000000100000000)
  region size 1024K, 29 young (29696K), 1 survivors (1024K)
 Metaspace       used 63054K, committed 63744K, reserved 491520K
  class space    used 8885K, committed 9216K, reserved 425984K
}
Event: 225.875 GC heap after
{Heap after GC invocations=27 (full 0):
 garbage-first heap   total 106496K, used 60444K [0x0000000080000000, 0x0000000100000000)
  region size 1024K, 2 young (2048K), 2 survivors (2048K)
 Metaspace       used 63054K, committed 63744K, reserved 491520K
  class space    used 8885K, committed 9216K, reserved 425984K
}
Event: 232.152 GC heap before
{Heap before GC invocations=28 (full 0):
 garbage-first heap   total 106496K, used 88092K [0x0000000080000000, 0x0000000100000000)
  region size 1024K, 30 young (30720K), 2 survivors (2048K)
 Metaspace       used 64109K, committed 64768K, reserved 491520K
  class space    used 9039K, committed 9344K, reserved 425984K
}
Event: 232.159 GC heap after
{Heap after GC invocations=29 (full 0):
 garbage-first heap   total 106496K, used 62160K [0x0000000080000000, 0x0000000100000000)
  region size 1024K, 3 young (3072K), 3 survivors (3072K)
 Metaspace       used 64109K, committed 64768K, reserved 491520K
  class space    used 9039K, committed 9344K, reserved 425984K
}
Event: 232.232 GC heap before
{Heap before GC invocations=29 (full 0):
 garbage-first heap   total 106496K, used 63184K [0x0000000080000000, 0x0000000100000000)
  region size 1024K, 5 young (5120K), 3 survivors (3072K)
 Metaspace       used 64154K, committed 64832K, reserved 491520K
  class space    used 9040K, committed 9344K, reserved 425984K
}
Event: 232.241 GC heap after
{Heap after GC invocations=30 (full 0):
 garbage-first heap   total 106496K, used 62314K [0x0000000080000000, 0x0000000100000000)
  region size 1024K, 1 young (1024K), 1 survivors (1024K)
 Metaspace       used 64154K, committed 64832K, reserved 491520K
  class space    used 9040K, committed 9344K, reserved 425984K
}
Event: 254.242 GC heap before
{Heap before GC invocations=30 (full 0):
 garbage-first heap   total 106496K, used 88938K [0x0000000080000000, 0x0000000100000000)
  region size 1024K, 27 young (27648K), 1 survivors (1024K)
 Metaspace       used 64447K, committed 65152K, reserved 491520K
  class space    used 9073K, committed 9408K, reserved 425984K
}
Event: 254.248 GC heap after
{Heap after GC invocations=31 (full 0):
 garbage-first heap   total 106496K, used 63541K [0x0000000080000000, 0x0000000100000000)
  region size 1024K, 2 young (2048K), 2 survivors (2048K)
 Metaspace       used 64447K, committed 65152K, reserved 491520K
  class space    used 9073K, committed 9408K, reserved 425984K
}
Event: 364.601 GC heap before
{Heap before GC invocations=32 (full 0):
 garbage-first heap   total 109568K, used 89141K [0x0000000080000000, 0x0000000100000000)
  region size 1024K, 27 young (27648K), 2 survivors (2048K)
 Metaspace       used 66015K, committed 66752K, reserved 491520K
  class space    used 9282K, committed 9600K, reserved 425984K
}
Event: 364.609 GC heap after
{Heap after GC invocations=33 (full 0):
 garbage-first heap   total 109568K, used 64292K [0x0000000080000000, 0x0000000100000000)
  region size 1024K, 3 young (3072K), 3 survivors (3072K)
 Metaspace       used 66015K, committed 66752K, reserved 491520K
  class space    used 9282K, committed 9600K, reserved 425984K
}
Event: 364.838 GC heap before
{Heap before GC invocations=33 (full 0):
 garbage-first heap   total 109568K, used 66340K [0x0000000080000000, 0x0000000100000000)
  region size 1024K, 5 young (5120K), 3 survivors (3072K)
 Metaspace       used 66117K, committed 66880K, reserved 491520K
  class space    used 9297K, committed 9664K, reserved 425984K
}
Event: 364.844 GC heap after
{Heap after GC invocations=34 (full 0):
 garbage-first heap   total 109568K, used 64053K [0x0000000080000000, 0x0000000100000000)
  region size 1024K, 1 young (1024K), 1 survivors (1024K)
 Metaspace       used 66117K, committed 66880K, reserved 491520K
  class space    used 9297K, committed 9664K, reserved 425984K
}
Event: 369.244 GC heap before
{Heap before GC invocations=34 (full 0):
 garbage-first heap   total 109568K, used 91701K [0x0000000080000000, 0x0000000100000000)
  region size 1024K, 28 young (28672K), 1 survivors (1024K)
 Metaspace       used 68200K, committed 68928K, reserved 491520K
  class space    used 9580K, committed 9920K, reserved 425984K
}

