# JRE version: Java(TM) SE Runtime Environment (17.0.11+7) (build 17.0.11+7-LTS-207)
# Java VM: Java HotSpot(TM) 64-Bit Server VM (17.0.11+7-LTS-207, mixed mode, sharing, tiered, compressed oops, compressed class ptrs, g1 gc, windows-amd64)
GC Precious Log:
 CPUs: 2 total, 2 available
 Memory: 8111M
 Large Page Support: Disabled
 NUMA Support: Disabled
 Compressed Oops: Enabled (32-bit)
 Heap Region Size: 1M
 Heap Min Capacity: 8M
 Heap Initial Capacity: 128M
 Heap Max Capacity: 2G
 Pre-touch: Disabled
 Parallel Workers: 2
 Concurrent Workers: 1
 Concurrent Refinement Workers: 2
 Periodic GC: Disabled
Heap:
 garbage-first heap   total 400384K, used 286720K [0x0000000080000000, 0x0000000100000000)
  region size 1024K, 182 young (186368K), 5 survivors (5120K)
 Metaspace       used 84735K, committed 85696K, reserved 557056K
  class space    used 11702K, committed 12160K, reserved 425984K
GC Heap History (20 events):
Event: 49.998 GC heap before
{Heap before GC invocations=28 (full 0):
 garbage-first heap   total 147456K, used 117935K [0x0000000080000000, 0x0000000100000000)
  region size 1024K, 56 young (57344K), 2 survivors (2048K)
 Metaspace       used 64147K, committed 64896K, reserved 491520K
  class space    used 9045K, committed 9408K, reserved 425984K
}
Event: 50.011 GC heap after
{Heap after GC invocations=29 (full 0):
 garbage-first heap   total 147456K, used 68270K [0x0000000080000000, 0x0000000100000000)
  region size 1024K, 6 young (6144K), 6 survivors (6144K)
 Metaspace       used 64147K, committed 64896K, reserved 491520K
  class space    used 9045K, committed 9408K, reserved 425984K
}
Event: 50.023 GC heap before
{Heap before GC invocations=29 (full 0):
 garbage-first heap   total 147456K, used 68270K [0x0000000080000000, 0x0000000100000000)
  region size 1024K, 7 young (7168K), 6 survivors (6144K)
 Metaspace       used 64147K, committed 64896K, reserved 491520K
  class space    used 9045K, committed 9408K, reserved 425984K
}
Event: 50.035 GC heap after
{Heap after GC invocations=30 (full 0):
 garbage-first heap   total 147456K, used 68578K [0x0000000080000000, 0x0000000100000000)
  region size 1024K, 1 young (1024K), 1 survivors (1024K)
 Metaspace       used 64147K, committed 64896K, reserved 491520K
  class space    used 9045K, committed 9408K, reserved 425984K
}
Event: 62.226 GC heap before
{Heap before GC invocations=30 (full 0):
 garbage-first heap   total 147456K, used 117730K [0x0000000080000000, 0x0000000100000000)
  region size 1024K, 50 young (51200K), 1 survivors (1024K)
 Metaspace       used 67190K, committed 67904K, reserved 491520K
  class space    used 9435K, committed 9792K, reserved 425984K
}
Event: 62.238 GC heap after
{Heap after GC invocations=31 (full 0):
 garbage-first heap   total 147456K, used 70773K [0x0000000080000000, 0x0000000100000000)
  region size 1024K, 3 young (3072K), 3 survivors (3072K)
 Metaspace       used 67190K, committed 67904K, reserved 491520K
  class space    used 9435K, committed 9792K, reserved 425984K
}
Event: 67.678 GC heap before
{Heap before GC invocations=32 (full 0):
 garbage-first heap   total 147456K, used 118784K [0x0000000080000000, 0x0000000100000000)
  region size 1024K, 51 young (52224K), 3 survivors (3072K)
 Metaspace       used 70135K, committed 70912K, reserved 491520K
  class space    used 9950K, committed 10304K, reserved 425984K
}
Event: 67.699 GC heap after
{Heap after GC invocations=33 (full 0):
 garbage-first heap   total 147456K, used 76112K [0x0000000080000000, 0x0000000100000000)
  region size 1024K, 7 young (7168K), 7 survivors (7168K)
 Metaspace       used 70135K, committed 70912K, reserved 491520K
  class space    used 9950K, committed 10304K, reserved 425984K
}
Event: 67.717 GC heap before
{Heap before GC invocations=33 (full 0):
 garbage-first heap   total 147456K, used 76112K [0x0000000080000000, 0x0000000100000000)
  region size 1024K, 8 young (8192K), 7 survivors (7168K)
 Metaspace       used 70139K, committed 70912K, reserved 491520K
  class space    used 9950K, committed 10304K, reserved 425984K
}
Event: 67.731 GC heap after
{Heap after GC invocations=34 (full 0):
 garbage-first heap   total 147456K, used 75368K [0x0000000080000000, 0x0000000100000000)
  region size 1024K, 1 young (1024K), 1 survivors (1024K)
 Metaspace       used 70139K, committed 70912K, reserved 491520K
  class space    used 9950K, committed 10304K, reserved 425984K
}
Event: 72.233 GC heap before
{Heap before GC invocations=34 (full 0):
 garbage-first heap   total 147456K, used 119400K [0x0000000080000000, 0x0000000100000000)
  region size 1024K, 44 young (45056K), 1 survivors (1024K)
 Metaspace       used 71883K, committed 72704K, reserved 491520K
  class space    used 10133K, committed 10496K, reserved 425984K
}
Event: 72.248 GC heap after
{Heap after GC invocations=35 (full 0):
 garbage-first heap   total 147456K, used 79809K [0x0000000080000000, 0x0000000100000000)
  region size 1024K, 6 young (6144K), 6 survivors (6144K)
 Metaspace       used 71883K, committed 72704K, reserved 491520K
  class space    used 10133K, committed 10496K, reserved 425984K
}
Event: 73.570 GC heap before
{Heap before GC invocations=35 (full 0):
 garbage-first heap   total 147456K, used 117697K [0x0000000080000000, 0x0000000100000000)
  region size 1024K, 44 young (45056K), 6 survivors (6144K)
 Metaspace       used 72096K, committed 72960K, reserved 491520K
  class space    used 10135K, committed 10560K, reserved 425984K
}
Event: 73.584 GC heap after
{Heap after GC invocations=36 (full 0):
 garbage-first heap   total 147456K, used 85405K [0x0000000080000000, 0x0000000100000000)
  region size 1024K, 6 young (6144K), 6 survivors (6144K)
 Metaspace       used 72096K, committed 72960K, reserved 491520K
  class space    used 10135K, committed 10560K, reserved 425984K
}
Event: 74.281 GC heap before
{Heap before GC invocations=36 (full 0):
 garbage-first heap   total 147456K, used 119197K [0x0000000080000000, 0x0000000100000000)
  region size 1024K, 40 young (40960K), 6 survivors (6144K)
 Metaspace       used 72123K, committed 73024K, reserved 491520K
  class space    used 10135K, committed 10560K, reserved 425984K
}
Event: 74.289 GC heap after
{Heap after GC invocations=37 (full 0):
 garbage-first heap   total 147456K, used 86918K [0x0000000080000000, 0x0000000100000000)
  region size 1024K, 4 young (4096K), 4 survivors (4096K)
 Metaspace       used 72123K, committed 73024K, reserved 491520K
  class space    used 10135K, committed 10560K, reserved 425984K
}
Event: 74.770 GC heap before
{Heap before GC invocations=37 (full 0):
 garbage-first heap   total 147456K, used 120710K [0x0000000080000000, 0x0000000100000000)
  region size 1024K, 37 young (37888K), 4 survivors (4096K)
 Metaspace       used 72125K, committed 73024K, reserved 491520K
  class space    used 10135K, committed 10560K, reserved 425984K
}
Event: 74.777 GC heap after
{Heap after GC invocations=38 (full 0):
 garbage-first heap   total 147456K, used 88036K [0x0000000080000000, 0x0000000100000000)
  region size 1024K, 3 young (3072K), 3 survivors (3072K)
 Metaspace       used 72125K, committed 73024K, reserved 491520K
  class space    used 10135K, committed 10560K, reserved 425984K
}
Event: 75.213 GC heap before
{Heap before GC invocations=38 (full 0):
 garbage-first heap   total 147456K, used 126948K [0x0000000080000000, 0x0000000100000000)
  region size 1024K, 36 young (36864K), 3 survivors (3072K)
 Metaspace       used 72148K, committed 73024K, reserved 491520K
  class space    used 10138K, committed 10560K, reserved 425984K
}
Event: 75.223 GC heap after
{Heap after GC invocations=39 (full 0):
 garbage-first heap   total 400384K, used 97280K [0x0000000080000000, 0x0000000100000000)
  region size 1024K, 5 young (5120K), 5 survivors (5120K)
 Metaspace       used 72148K, committed 73024K, reserved 491520K
  class space    used 10138K, committed 10560K, reserved 425984K
}

